0 verbose cli /usr/local/bin/node /usr/local/bin/npm
1 info using npm@9.5.0
2 info using node@v18.15.0
3 timing npm:load:whichnode Completed in 5ms
4 timing config:load:defaults Completed in 4ms
5 timing config:load:file:/usr/local/lib/node_modules/npm/npmrc Completed in 1ms
6 timing config:load:builtin Completed in 1ms
7 timing config:load:cli Completed in 1ms
8 timing config:load:env Completed in 0ms
9 timing config:load:file:/Users/loges/Library/Caches/typescript/5.1/.npmrc Completed in 0ms
10 timing config:load:project Completed in 3ms
11 timing config:load:file:/Users/loges/.npmrc Completed in 0ms
12 timing config:load:user Completed in 0ms
13 timing config:load:file:/usr/local/etc/npmrc Completed in 1ms
14 timing config:load:global Completed in 1ms
15 timing config:load:setEnvs Completed in 1ms
16 timing config:load Completed in 11ms
17 timing npm:load:configload Completed in 11ms
18 timing npm:load:mkdirpcache Completed in 0ms
19 timing npm:load:mkdirplogs Completed in 2ms
20 verbose title npm install types-registry@latest
21 verbose argv "install" "--ignore-scripts" "types-registry@latest"
22 timing npm:load:setTitle Completed in 7ms
23 timing config:load:flatten Completed in 1ms
24 timing npm:load:display Completed in 2ms
25 verbose logfile logs-max:10 dir:/Users/loges/.npm/_logs/2023-06-24T02_02_14_383Z-
26 verbose logfile /Users/loges/.npm/_logs/2023-06-24T02_02_14_383Z-debug-0.log
27 timing npm:load:logFile Completed in 4ms
28 timing npm:load:timers Completed in 0ms
29 timing npm:load:configScope Completed in 0ms
30 timing npm:load Completed in 31ms
31 timing arborist:ctor Completed in 0ms
32 silly logfile start cleaning logs, removing 1 files
33 silly logfile done cleaning log files
34 timing idealTree:init Completed in 45ms
35 timing arborist:ctor Completed in 0ms
36 http fetch GET 200 https://registry.npmjs.org/types-registry 257ms (cache revalidated)
37 timing idealTree:userRequests Completed in 265ms
38 silly idealTree buildDeps
39 silly fetch manifest types-registry@0.1.649
40 silly placeDep ROOT types-registry@0.1.649 REPLACE for:  want: 0.1.649
41 timing idealTree:#root Completed in 5ms
42 timing idealTree:node_modules/types-registry Completed in 0ms
43 timing idealTree:buildDeps Completed in 7ms
44 timing idealTree:fixDepFlags Completed in 1ms
45 timing idealTree Completed in 321ms
46 timing reify:loadTrees Completed in 322ms
47 timing reify:diffTrees Completed in 2ms
48 silly reify moves {}
49 timing reify:retireShallow Completed in 0ms
50 timing reify:createSparse Completed in 1ms
51 timing reify:loadBundles Completed in 0ms
52 silly audit bulk request {
52 silly audit   '@babel/code-frame': [ '7.22.5' ],
52 silly audit   '@babel/helper-validator-identifier': [ '7.22.5' ],
52 silly audit   '@babel/highlight': [ '7.22.5' ],
52 silly audit   'ansi-styles': [ '3.2.1', '4.3.0', '5.2.0' ],
52 silly audit   chalk: [ '2.4.2', '4.1.2' ],
52 silly audit   'color-convert': [ '1.9.3', '2.0.1' ],
52 silly audit   'color-name': [ '1.1.3', '1.1.4' ],
52 silly audit   'escape-string-regexp': [ '1.0.5', '2.0.0' ],
52 silly audit   'has-flag': [ '3.0.0', '4.0.0' ],
52 silly audit   'supports-color': [ '5.5.0', '7.2.0' ],
52 silly audit   '@jest/expect-utils': [ '29.5.0' ],
52 silly audit   '@jest/schemas': [ '29.4.3' ],
52 silly audit   '@jest/types': [ '29.5.0' ],
52 silly audit   '@popperjs/core': [ '2.11.8' ],
52 silly audit   '@sinclair/typebox': [ '0.25.24' ],
52 silly audit   '@types/bootstrap': [ '5.2.6' ],
52 silly audit   '@types/istanbul-lib-coverage': [ '2.0.4' ],
52 silly audit   '@types/istanbul-lib-report': [ '3.0.0' ],
52 silly audit   '@types/istanbul-reports': [ '3.0.1' ],
52 silly audit   '@types/jest': [ '29.5.2' ],
52 silly audit   '@types/node': [ '20.3.1' ],
52 silly audit   '@types/prop-types': [ '15.7.5' ],
52 silly audit   '@types/react': [ '18.2.14' ],
52 silly audit   '@types/react-dom': [ '18.2.6' ],
52 silly audit   '@types/scheduler': [ '0.16.3' ],
52 silly audit   '@types/stack-utils': [ '2.0.1' ],
52 silly audit   '@types/testing-library__jest-dom': [ '5.14.6' ],
52 silly audit   '@types/yargs': [ '17.0.24' ],
52 silly audit   '@types/yargs-parser': [ '21.0.0' ],
52 silly audit   braces: [ '3.0.2' ],
52 silly audit   'ci-info': [ '3.8.0' ],
52 silly audit   csstype: [ '3.1.2' ],
52 silly audit   'diff-sequences': [ '29.4.3' ],
52 silly audit   expect: [ '29.5.0' ],
52 silly audit   'fill-range': [ '7.0.1' ],
52 silly audit   'graceful-fs': [ '4.2.11' ],
52 silly audit   'is-number': [ '7.0.0' ],
52 silly audit   'jest-diff': [ '29.5.0' ],
52 silly audit   'jest-get-type': [ '29.4.3' ],
52 silly audit   'jest-matcher-utils': [ '29.5.0' ],
52 silly audit   'jest-message-util': [ '29.5.0' ],
52 silly audit   'jest-util': [ '29.5.0' ],
52 silly audit   'js-tokens': [ '4.0.0' ],
52 silly audit   micromatch: [ '4.0.5' ],
52 silly audit   picomatch: [ '2.3.1' ],
52 silly audit   'pretty-format': [ '29.5.0' ],
52 silly audit   'react-is': [ '18.2.0' ],
52 silly audit   slash: [ '3.0.0' ],
52 silly audit   'stack-utils': [ '2.0.6' ],
52 silly audit   'to-regex-range': [ '5.0.1' ],
52 silly audit   'types-registry': [ '0.1.649' ]
52 silly audit }
53 timing reify:unpack Completed in 1ms
54 timing reify:unretire Completed in 0ms
55 timing build:queue Completed in 0ms
56 timing build:deps Completed in 0ms
57 timing build Completed in 1ms
58 timing reify:build Completed in 1ms
59 timing reify:trash Completed in 0ms
60 timing reify:save Completed in 11ms
61 http fetch POST 200 https://registry.npmjs.org/-/npm/v1/security/advisories/bulk 126ms
62 timing auditReport:getReport Completed in 129ms
63 silly audit report {}
64 timing auditReport:init Completed in 0ms
65 timing reify:audit Completed in 129ms
66 timing reify Completed in 463ms
67 timing command:install Completed in 468ms
68 verbose exit 0
69 timing npm Completed in 519ms
70 info ok
