0 verbose cli /usr/local/bin/node /usr/local/bin/npm
1 info using npm@9.5.0
2 info using node@v18.15.0
3 timing npm:load:whichnode Completed in 2ms
4 timing config:load:defaults Completed in 1ms
5 timing config:load:file:/usr/local/lib/node_modules/npm/npmrc Completed in 1ms
6 timing config:load:builtin Completed in 1ms
7 timing config:load:cli Completed in 2ms
8 timing config:load:env Completed in 0ms
9 timing config:load:file:/Users/loges/Library/Caches/typescript/5.1/.npmrc Completed in 0ms
10 timing config:load:project Completed in 3ms
11 timing config:load:file:/Users/loges/.npmrc Completed in 0ms
12 timing config:load:user Completed in 0ms
13 timing config:load:file:/usr/local/etc/npmrc Completed in 1ms
14 timing config:load:global Completed in 1ms
15 timing config:load:setEnvs Completed in 0ms
16 timing config:load Completed in 8ms
17 timing npm:load:configload Completed in 8ms
18 timing npm:load:mkdirpcache Completed in 0ms
19 timing npm:load:mkdirplogs Completed in 0ms
20 verbose title npm install @types/testing-library__jest-dom@ts5.1 @types/bootstrap@ts5.1 @types/react@ts5.1 @types/react-dom@ts5.1
21 verbose argv "install" "--ignore-scripts" "@types/testing-library__jest-dom@ts5.1" "@types/bootstrap@ts5.1" "@types/react@ts5.1" "@types/react-dom@ts5.1" "--save-dev" "--user-agent" "typesInstaller/5.1.3"
22 timing npm:load:setTitle Completed in 7ms
23 timing config:load:flatten Completed in 2ms
24 timing npm:load:display Completed in 2ms
25 verbose logfile logs-max:10 dir:/Users/loges/.npm/_logs/2023-06-24T00_58_03_433Z-
26 verbose logfile /Users/loges/.npm/_logs/2023-06-24T00_58_03_433Z-debug-0.log
27 timing npm:load:logFile Completed in 2ms
28 timing npm:load:timers Completed in 0ms
29 timing npm:load:configScope Completed in 0ms
30 timing npm:load Completed in 21ms
31 timing arborist:ctor Completed in 1ms
32 silly logfile start cleaning logs, removing 1 files
33 silly logfile done cleaning log files
34 timing idealTree:init Completed in 23ms
35 timing arborist:ctor Completed in 0ms
36 http fetch GET 200 https://registry.npmjs.org/@types%2ftesting-library__jest-dom 191ms (cache revalidated)
37 http fetch GET 200 https://registry.npmjs.org/@types%2freact-dom 200ms (cache revalidated)
38 http fetch GET 200 https://registry.npmjs.org/@types%2freact 317ms (cache updated)
39 http fetch GET 200 https://registry.npmjs.org/@types%2fbootstrap 632ms (cache revalidated)
40 timing idealTree:userRequests Completed in 637ms
41 silly idealTree buildDeps
42 silly fetch manifest @types/bootstrap@5.2.6
43 silly fetch manifest @types/react@18.2.14
44 silly fetch manifest @types/react-dom@18.2.6
45 silly fetch manifest @types/testing-library__jest-dom@5.14.6
46 silly placeDep ROOT @types/bootstrap@5.2.6 REPLACE for:  want: 5.2.6
47 silly placeDep ROOT @types/react@18.2.14 REPLACE for:  want: 18.2.14
48 silly placeDep ROOT @types/react-dom@18.2.6 REPLACE for:  want: 18.2.6
49 silly placeDep ROOT @types/testing-library__jest-dom@5.14.6 REPLACE for:  want: 5.14.6
50 timing idealTree:#root Completed in 19ms
51 timing idealTree:node_modules/@types/bootstrap Completed in 0ms
52 timing idealTree:node_modules/@types/react Completed in 0ms
53 timing idealTree:node_modules/@types/react-dom Completed in 0ms
54 timing idealTree:node_modules/@types/testing-library__jest-dom Completed in 0ms
55 timing idealTree:buildDeps Completed in 20ms
56 timing idealTree:fixDepFlags Completed in 0ms
57 timing idealTree Completed in 684ms
58 timing reify:loadTrees Completed in 686ms
59 timing reify:diffTrees Completed in 2ms
60 silly reify mark retired [
60 silly reify   '/Users/loges/Library/Caches/typescript/5.1/node_modules/@types/react'
60 silly reify ]
61 silly reify moves {
61 silly reify   '/Users/loges/Library/Caches/typescript/5.1/node_modules/@types/react': '/Users/loges/Library/Caches/typescript/5.1/node_modules/@types/.react-kyBxwTH1'
61 silly reify }
62 timing reify:retireShallow Completed in 2ms
63 timing reify:createSparse Completed in 1ms
64 timing reify:loadBundles Completed in 0ms
65 silly audit bulk request {
65 silly audit   '@babel/code-frame': [ '7.22.5' ],
65 silly audit   '@babel/helper-validator-identifier': [ '7.22.5' ],
65 silly audit   '@babel/highlight': [ '7.22.5' ],
65 silly audit   'ansi-styles': [ '3.2.1', '4.3.0', '5.2.0' ],
65 silly audit   chalk: [ '2.4.2', '4.1.2' ],
65 silly audit   'color-convert': [ '1.9.3', '2.0.1' ],
65 silly audit   'color-name': [ '1.1.3', '1.1.4' ],
65 silly audit   'escape-string-regexp': [ '1.0.5', '2.0.0' ],
65 silly audit   'has-flag': [ '3.0.0', '4.0.0' ],
65 silly audit   'supports-color': [ '5.5.0', '7.2.0' ],
65 silly audit   '@jest/expect-utils': [ '29.5.0' ],
65 silly audit   '@jest/schemas': [ '29.4.3' ],
65 silly audit   '@jest/types': [ '29.5.0' ],
65 silly audit   '@popperjs/core': [ '2.11.8' ],
65 silly audit   '@sinclair/typebox': [ '0.25.24' ],
65 silly audit   '@types/istanbul-lib-coverage': [ '2.0.4' ],
65 silly audit   '@types/istanbul-lib-report': [ '3.0.0' ],
65 silly audit   '@types/istanbul-reports': [ '3.0.1' ],
65 silly audit   '@types/jest': [ '29.5.2' ],
65 silly audit   '@types/node': [ '20.3.1' ],
65 silly audit   '@types/prop-types': [ '15.7.5' ],
65 silly audit   '@types/scheduler': [ '0.16.3' ],
65 silly audit   '@types/stack-utils': [ '2.0.1' ],
65 silly audit   '@types/yargs': [ '17.0.24' ],
65 silly audit   '@types/yargs-parser': [ '21.0.0' ],
65 silly audit   braces: [ '3.0.2' ],
65 silly audit   'ci-info': [ '3.8.0' ],
65 silly audit   csstype: [ '3.1.2' ],
65 silly audit   'diff-sequences': [ '29.4.3' ],
65 silly audit   expect: [ '29.5.0' ],
65 silly audit   'fill-range': [ '7.0.1' ],
65 silly audit   'graceful-fs': [ '4.2.11' ],
65 silly audit   'is-number': [ '7.0.0' ],
65 silly audit   'jest-diff': [ '29.5.0' ],
65 silly audit   'jest-get-type': [ '29.4.3' ],
65 silly audit   'jest-matcher-utils': [ '29.5.0' ],
65 silly audit   'jest-message-util': [ '29.5.0' ],
65 silly audit   'jest-util': [ '29.5.0' ],
65 silly audit   'js-tokens': [ '4.0.0' ],
65 silly audit   micromatch: [ '4.0.5' ],
65 silly audit   picomatch: [ '2.3.1' ],
65 silly audit   'pretty-format': [ '29.5.0' ],
65 silly audit   'react-is': [ '18.2.0' ],
65 silly audit   slash: [ '3.0.0' ],
65 silly audit   'stack-utils': [ '2.0.6' ],
65 silly audit   'to-regex-range': [ '5.0.1' ],
65 silly audit   'types-registry': [ '0.1.649' ],
65 silly audit   '@types/bootstrap': [ '5.2.6' ],
65 silly audit   '@types/react': [ '18.2.14' ],
65 silly audit   '@types/react-dom': [ '18.2.6' ],
65 silly audit   '@types/testing-library__jest-dom': [ '5.14.6' ]
65 silly audit }
66 silly tarball no local data for @types/react@https://registry.npmjs.org/@types/react/-/react-18.2.14.tgz. Extracting by manifest.
67 http fetch GET 200 https://registry.npmjs.org/@types/react/-/react-18.2.14.tgz 73ms (cache miss)
68 timing reifyNode:node_modules/@types/react Completed in 77ms
69 timing reify:unpack Completed in 78ms
70 timing reify:unretire Completed in 0ms
71 timing build:queue Completed in 0ms
72 timing build:deps Completed in 0ms
73 timing build Completed in 0ms
74 timing reify:build Completed in 1ms
75 timing reify:trash Completed in 3ms
76 timing reify:save Completed in 13ms
77 http fetch POST 200 https://registry.npmjs.org/-/npm/v1/security/advisories/bulk 117ms
78 timing auditReport:getReport Completed in 120ms
79 silly audit report {}
80 timing auditReport:init Completed in 0ms
81 timing reify:audit Completed in 120ms
82 timing reify Completed in 812ms
83 silly CHANGE node_modules/@types/react
84 timing command:install Completed in 817ms
85 verbose exit 0
86 timing npm Completed in 846ms
87 info ok
