0 verbose cli /usr/local/bin/node /usr/local/bin/npm
1 info using npm@9.6.7
2 info using node@v20.3.1
3 timing npm:load:whichnode Completed in 0ms
4 timing config:load:defaults Completed in 1ms
5 timing config:load:file:/usr/local/lib/node_modules/npm/npmrc Completed in 1ms
6 timing config:load:builtin Completed in 1ms
7 timing config:load:cli Completed in 1ms
8 timing config:load:env Completed in 0ms
9 timing config:load:file:/Users/loges/Library/Caches/typescript/5.2/.npmrc Completed in 0ms
10 timing config:load:project Completed in 2ms
11 timing config:load:file:/Users/loges/.npmrc Completed in 0ms
12 timing config:load:user Completed in 0ms
13 timing config:load:file:/usr/local/etc/npmrc Completed in 0ms
14 timing config:load:global Completed in 0ms
15 timing config:load:setEnvs Completed in 0ms
16 timing config:load Completed in 5ms
17 timing npm:load:configload Completed in 5ms
18 timing npm:load:mkdirpcache Completed in 0ms
19 timing npm:load:mkdirplogs Completed in 0ms
20 verbose title npm install @types/bootstrap@ts5.2 @types/react@ts5.2 @types/react-dom@ts5.2
21 verbose argv "install" "--ignore-scripts" "@types/bootstrap@ts5.2" "@types/react@ts5.2" "@types/react-dom@ts5.2" "--save-dev" "--user-agent" "typesInstaller/5.2.2"
22 timing npm:load:setTitle Completed in 7ms
23 timing config:load:flatten Completed in 1ms
24 timing npm:load:display Completed in 2ms
25 verbose logfile logs-max:10 dir:/Users/loges/.npm/_logs/2024-03-07T20_12_16_818Z-
26 verbose logfile /Users/loges/.npm/_logs/2024-03-07T20_12_16_818Z-debug-0.log
27 timing npm:load:logFile Completed in 4ms
28 timing npm:load:timers Completed in 0ms
29 timing npm:load:configScope Completed in 0ms
30 timing npm:load Completed in 19ms
31 timing arborist:ctor Completed in 0ms
32 silly logfile start cleaning logs, removing 1 files
33 timing idealTree:init Completed in 10ms
34 silly logfile done cleaning log files
35 timing arborist:ctor Completed in 0ms
36 http fetch GET 200 https://registry.npmjs.org/@types%2freact-dom 222ms (cache updated)
37 http fetch GET 200 https://registry.npmjs.org/@types%2freact 320ms (cache updated)
38 http fetch GET 200 https://registry.npmjs.org/@types%2fbootstrap 560ms (cache updated)
39 timing idealTree:userRequests Completed in 563ms
40 silly idealTree buildDeps
41 silly fetch manifest @types/bootstrap@5.2.10
42 silly fetch manifest @types/react@18.2.64
43 silly fetch manifest @types/react-dom@18.2.21
44 silly placeDep ROOT @types/bootstrap@5.2.10 REPLACE for:  want: 5.2.10
45 silly placeDep ROOT @types/react@18.2.64 REPLACE for:  want: 18.2.64
46 silly placeDep ROOT @types/react-dom@18.2.21 REPLACE for:  want: 18.2.21
47 timing idealTree:#root Completed in 8ms
48 timing idealTree:node_modules/@types/bootstrap Completed in 0ms
49 timing idealTree:node_modules/@types/react Completed in 0ms
50 timing idealTree:node_modules/@types/react-dom Completed in 0ms
51 timing idealTree:buildDeps Completed in 8ms
52 timing idealTree:fixDepFlags Completed in 0ms
53 timing idealTree Completed in 582ms
54 timing reify:loadTrees Completed in 583ms
55 timing reify:diffTrees Completed in 1ms
56 silly reify mark retired [
56 silly reify   '/Users/loges/Library/Caches/typescript/5.2/node_modules/@types/bootstrap'
56 silly reify ]
57 silly reify mark retired [
57 silly reify   '/Users/loges/Library/Caches/typescript/5.2/node_modules/@types/react'
57 silly reify ]
58 silly reify mark retired [
58 silly reify   '/Users/loges/Library/Caches/typescript/5.2/node_modules/@types/react-dom'
58 silly reify ]
59 silly reify moves {
59 silly reify   '/Users/loges/Library/Caches/typescript/5.2/node_modules/@types/bootstrap': '/Users/loges/Library/Caches/typescript/5.2/node_modules/@types/.bootstrap-4qlCE1kE',
59 silly reify   '/Users/loges/Library/Caches/typescript/5.2/node_modules/@types/react': '/Users/loges/Library/Caches/typescript/5.2/node_modules/@types/.react-JSbiWuu5',
59 silly reify   '/Users/loges/Library/Caches/typescript/5.2/node_modules/@types/react-dom': '/Users/loges/Library/Caches/typescript/5.2/node_modules/@types/.react-dom-piRdMYA2'
59 silly reify }
60 timing reify:retireShallow Completed in 3ms
61 timing reify:createSparse Completed in 0ms
62 timing reify:loadBundles Completed in 0ms
63 silly audit bulk request {
63 silly audit   '@popperjs/core': [ '2.11.8' ],
63 silly audit   '@types/prop-types': [ '15.7.9' ],
63 silly audit   '@types/scheduler': [ '0.16.5' ],
63 silly audit   csstype: [ '3.1.2' ],
63 silly audit   'types-registry': [ '0.1.684' ],
63 silly audit   '@types/bootstrap': [ '5.2.10' ],
63 silly audit   '@types/react': [ '18.2.64' ],
63 silly audit   '@types/react-dom': [ '18.2.21' ]
63 silly audit }
64 silly tarball no local data for @types/react-dom@https://registry.npmjs.org/@types/react-dom/-/react-dom-18.2.21.tgz. Extracting by manifest.
65 silly tarball no local data for @types/react@https://registry.npmjs.org/@types/react/-/react-18.2.64.tgz. Extracting by manifest.
66 silly tarball no local data for @types/bootstrap@https://registry.npmjs.org/@types/bootstrap/-/bootstrap-5.2.10.tgz. Extracting by manifest.
67 http fetch GET 200 https://registry.npmjs.org/@types/react/-/react-18.2.64.tgz 74ms (cache miss)
68 timing reifyNode:node_modules/@types/react Completed in 78ms
69 http fetch GET 200 https://registry.npmjs.org/@types/react-dom/-/react-dom-18.2.21.tgz 96ms (cache miss)
70 timing reifyNode:node_modules/@types/react-dom Completed in 100ms
71 http fetch POST 200 https://registry.npmjs.org/-/npm/v1/security/advisories/bulk 163ms
72 timing auditReport:getReport Completed in 164ms
73 silly audit report {}
74 timing auditReport:init Completed in 0ms
75 timing reify:audit Completed in 164ms
76 http fetch GET 200 https://registry.npmjs.org/@types/bootstrap/-/bootstrap-5.2.10.tgz 397ms (cache miss)
77 timing reifyNode:node_modules/@types/bootstrap Completed in 402ms
78 timing reify:unpack Completed in 402ms
79 timing reify:unretire Completed in 1ms
80 timing build:queue Completed in 0ms
81 timing build:deps Completed in 3ms
82 timing build Completed in 3ms
83 timing reify:build Completed in 3ms
84 timing reify:trash Completed in 4ms
85 timing reify:save Completed in 4ms
86 timing reify Completed in 1006ms
87 silly CHANGE node_modules/@types/react-dom
88 silly CHANGE node_modules/@types/react
89 silly CHANGE node_modules/@types/bootstrap
90 timing command:install Completed in 1010ms
91 verbose exit 0
92 timing npm Completed in 1092ms
93 info ok
